0 info it worked if it ends with ok
1 verbose cli [ '/usr/local/bin/node',
1 verbose cli   '/Users/cbi/Documents/git-repos/ART/project/target/node-modules/webjars/npm/lib/npm.js',
1 verbose cli   'update',
1 verbose cli   '--prefix',
1 verbose cli   '/Users/cbi/Documents/git-repos/ART' ]
2 info using npm@undefined
3 info using node@v5.4.0
4 silly mapToRegistry name grunt
5 silly mapToRegistry using default registry
6 silly mapToRegistry registry https://registry.npmjs.org/
7 silly mapToRegistry uri https://registry.npmjs.org/grunt
8 silly mapToRegistry name grunt-cli
9 silly mapToRegistry using default registry
10 silly mapToRegistry registry https://registry.npmjs.org/
11 silly mapToRegistry uri https://registry.npmjs.org/grunt-cli
12 silly mapToRegistry name bower
13 silly mapToRegistry using default registry
14 silly mapToRegistry registry https://registry.npmjs.org/
15 silly mapToRegistry uri https://registry.npmjs.org/bower
16 silly mapToRegistry name yo
17 silly mapToRegistry using default registry
18 silly mapToRegistry registry https://registry.npmjs.org/
19 silly mapToRegistry uri https://registry.npmjs.org/yo
20 verbose request uri https://registry.npmjs.org/grunt-cli
21 verbose request no auth needed
22 info attempt registry request try #1 at 17:27:18
23 verbose request id 0b2a01ef09c527db
24 verbose etag "THQBRE5MJ9K444KV4X1N76F"
25 http request GET https://registry.npmjs.org/grunt-cli
26 verbose request uri https://registry.npmjs.org/grunt
27 verbose request no auth needed
28 info attempt registry request try #1 at 17:27:18
29 verbose etag "6B1Y2TMYB7H54EHOXINK0Q9PW"
30 http request GET https://registry.npmjs.org/grunt
31 verbose request uri https://registry.npmjs.org/yo
32 verbose request no auth needed
33 info attempt registry request try #1 at 17:27:18
34 verbose etag "8TJ8T66XGK5UBJMK83KDS3JLI"
35 http request GET https://registry.npmjs.org/yo
36 verbose request uri https://registry.npmjs.org/bower
37 verbose request no auth needed
38 info attempt registry request try #1 at 17:27:18
39 verbose etag "7QZXHJE3RLUDX6XJAR2271UTF"
40 http request GET https://registry.npmjs.org/bower
41 http 304 https://registry.npmjs.org/grunt-cli
42 silly get cb [ 304,
42 silly get   { date: 'Thu, 18 Feb 2016 16:27:18 GMT',
42 silly get     via: '1.1 varnish',
42 silly get     'cache-control': 'max-age=300',
42 silly get     etag: '"THQBRE5MJ9K444KV4X1N76F"',
42 silly get     age: '60',
42 silly get     connection: 'keep-alive',
42 silly get     'x-served-by': 'cache-fra1235-FRA',
42 silly get     'x-cache': 'HIT',
42 silly get     'x-cache-hits': '1',
42 silly get     'x-timer': 'S1455812838.958014,VS0,VE0',
42 silly get     vary: 'Accept' } ]
43 verbose etag https://registry.npmjs.org/grunt-cli from cache
44 verbose get saving grunt-cli to /Users/cbi/.npm/registry.npmjs.org/grunt-cli/.cache.json
45 http 304 https://registry.npmjs.org/bower
46 silly get cb [ 304,
46 silly get   { date: 'Thu, 18 Feb 2016 16:27:18 GMT',
46 silly get     via: '1.1 varnish',
46 silly get     'cache-control': 'max-age=300',
46 silly get     etag: '"7QZXHJE3RLUDX6XJAR2271UTF"',
46 silly get     age: '125',
46 silly get     connection: 'keep-alive',
46 silly get     'x-served-by': 'cache-fra1246-FRA',
46 silly get     'x-cache': 'HIT',
46 silly get     'x-cache-hits': '5',
46 silly get     'x-timer': 'S1455812838.959536,VS0,VE0',
46 silly get     vary: 'Accept' } ]
47 verbose etag https://registry.npmjs.org/bower from cache
48 verbose get saving bower to /Users/cbi/.npm/registry.npmjs.org/bower/.cache.json
49 http 304 https://registry.npmjs.org/yo
50 silly get cb [ 304,
50 silly get   { date: 'Thu, 18 Feb 2016 16:27:18 GMT',
50 silly get     via: '1.1 varnish',
50 silly get     'cache-control': 'max-age=300',
50 silly get     etag: '"8TJ8T66XGK5UBJMK83KDS3JLI"',
50 silly get     age: '144',
50 silly get     connection: 'keep-alive',
50 silly get     'x-served-by': 'cache-fra1239-FRA',
50 silly get     'x-cache': 'HIT',
50 silly get     'x-cache-hits': '3',
50 silly get     'x-timer': 'S1455812838.960780,VS0,VE0',
50 silly get     vary: 'Accept' } ]
51 verbose etag https://registry.npmjs.org/yo from cache
52 verbose get saving yo to /Users/cbi/.npm/registry.npmjs.org/yo/.cache.json
53 http 304 https://registry.npmjs.org/grunt
54 silly get cb [ 304,
54 silly get   { date: 'Thu, 18 Feb 2016 16:27:18 GMT',
54 silly get     via: '1.1 varnish',
54 silly get     'cache-control': 'max-age=300',
54 silly get     etag: '"6B1Y2TMYB7H54EHOXINK0Q9PW"',
54 silly get     age: '54',
54 silly get     connection: 'keep-alive',
54 silly get     'x-served-by': 'cache-fra1227-FRA',
54 silly get     'x-cache': 'HIT',
54 silly get     'x-cache-hits': '2',
54 silly get     'x-timer': 'S1455812838.966975,VS0,VE0',
54 silly get     vary: 'Accept' } ]
55 verbose etag https://registry.npmjs.org/grunt from cache
56 verbose get saving grunt to /Users/cbi/.npm/registry.npmjs.org/grunt/.cache.json
57 info outdated updating [ [ '/Users/cbi/Documents/git-repos/ART',
57 info outdated     'yo',
57 info outdated     undefined,
57 info outdated     '1.3.3',
57 info outdated     '1.6.0',
57 info outdated     '~1.3.3' ] ]
58 verbose install where, what [ '/Users/cbi/Documents/git-repos/ART', [ 'yo@1.3.3' ] ]
59 verbose install initial load of /Users/cbi/Documents/git-repos/ART/package.json
60 verbose installManyTop reading scoped package data from /Users/cbi/Documents/git-repos/ART/node_modules/bower/package.json
61 verbose installManyTop reading scoped package data from /Users/cbi/Documents/git-repos/ART/node_modules/grunt/package.json
62 verbose installManyTop reading scoped package data from /Users/cbi/Documents/git-repos/ART/node_modules/grunt-cli/package.json
63 verbose readDependencies loading dependencies from /Users/cbi/Documents/git-repos/ART/package.json
64 silly cache add args [ 'yo@1.3.3', null ]
65 verbose cache add spec yo@1.3.3
66 silly cache add parsed spec Result {
66 silly cache add   raw: 'yo@1.3.3',
66 silly cache add   scope: null,
66 silly cache add   name: 'yo',
66 silly cache add   rawSpec: '1.3.3',
66 silly cache add   spec: '1.3.3',
66 silly cache add   type: 'version' }
67 silly addNamed yo@1.3.3
68 verbose addNamed "1.3.3" is a plain semver version for yo
69 silly mapToRegistry name yo
70 silly mapToRegistry using default registry
71 silly mapToRegistry registry https://registry.npmjs.org/
72 silly mapToRegistry uri https://registry.npmjs.org/yo
73 verbose addNameVersion registry:https://registry.npmjs.org/yo not in flight; fetching
74 verbose get https://registry.npmjs.org/yo not expired, no request
75 silly cache afterAdd yo@1.3.3
76 verbose afterAdd /Users/cbi/.npm/yo/1.3.3/package/package.json not in flight; writing
77 verbose afterAdd /Users/cbi/.npm/yo/1.3.3/package/package.json written
78 silly install resolved [ { name: 'yo',
78 silly install resolved     version: '1.3.3',
78 silly install resolved     description: 'CLI tool for running Yeoman generators',
78 silly install resolved     license: 'BSD',
78 silly install resolved     bin: { yo: 'cli.js' },
78 silly install resolved     author: { name: 'The Yeoman Team' },
78 silly install resolved     repository: { type: 'git', url: 'git+https://github.com/yeoman/yo.git' },
78 silly install resolved     engines: { node: '>=0.10.0', npm: '>=1.4.3' },
78 silly install resolved     scripts:
78 silly install resolved      { test: 'grunt',
78 silly install resolved        postinstall: 'yodoctor',
78 silly install resolved        postupdate: 'yodoctor' },
78 silly install resolved     files: [ 'cli.js', 'yoyo.js' ],
78 silly install resolved     keywords:
78 silly install resolved      [ 'front-end',
78 silly install resolved        'development',
78 silly install resolved        'dev',
78 silly install resolved        'build',
78 silly install resolved        'web',
78 silly install resolved        'tool',
78 silly install resolved        'cli',
78 silly install resolved        'scaffold',
78 silly install resolved        'stack',
78 silly install resolved        'yeoman',
78 silly install resolved        'generator',
78 silly install resolved        'app' ],
78 silly install resolved     dependencies:
78 silly install resolved      { async: '^0.9.0',
78 silly install resolved        chalk: '^0.5.1',
78 silly install resolved        configstore: '^0.3.1',
78 silly install resolved        findup: '^0.1.5',
78 silly install resolved        fullname: '^1.0.0',
78 silly install resolved        insight: '^0.4.3',
78 silly install resolved        'is-root': '^1.0.0',
78 silly install resolved        lodash: '^2.4.1',
78 silly install resolved        multiline: '^1.0.0',
78 silly install resolved        nopt: '^3.0.0',
78 silly install resolved        opn: '^1.0.0',
78 silly install resolved        shelljs: '^0.3.0',
78 silly install resolved        'string-length': '^1.0.0',
78 silly install resolved        'sudo-block': '^1.0.0',
78 silly install resolved        'underscore.string': '^2.3.3',
78 silly install resolved        'update-notifier': '^0.2.2',
78 silly install resolved        'yeoman-character': '^1.0.0',
78 silly install resolved        'yeoman-doctor': '^1.0.0',
78 silly install resolved        'yeoman-environment': '^1.0.1',
78 silly install resolved        'yeoman-generator': '^0.17.7',
78 silly install resolved        yosay: '^1.0.0' },
78 silly install resolved     devDependencies:
78 silly install resolved      { grunt: '^0.4.5',
78 silly install resolved        'grunt-cli': '^0.1.13',
78 silly install resolved        'grunt-contrib-jshint': '^0.10.0',
78 silly install resolved        'grunt-contrib-watch': '^0.6.1',
78 silly install resolved        'grunt-mocha-test': '^0.12.1',
78 silly install resolved        mocha: '^1.21.4',
78 silly install resolved        mockery: '^1.4.0',
78 silly install resolved        sinon: '^1.10.3' },
78 silly install resolved     engineStrict: true,
78 silly install resolved     preferGlobal: true,
78 silly install resolved     gitHead: '813c37641c928431260e908ef1b5723c0f18afab',
78 silly install resolved     bugs: { url: 'https://github.com/yeoman/yo/issues' },
78 silly install resolved     homepage: 'https://github.com/yeoman/yo',
78 silly install resolved     _id: 'yo@1.3.3',
78 silly install resolved     _shasum: '732b053d6da401965ef146fe914d014474c37c1b',
78 silly install resolved     _from: 'yo@1.3.3',
78 silly install resolved     _npmVersion: '2.1.2',
78 silly install resolved     _nodeVersion: '0.10.32',
78 silly install resolved     _npmUser: { name: 'sindresorhus', email: 'sindresorhus@gmail.com' },
78 silly install resolved     maintainers: [ [Object], [Object], [Object], [Object], [Object], [Object] ],
78 silly install resolved     dist:
78 silly install resolved      { shasum: '732b053d6da401965ef146fe914d014474c37c1b',
78 silly install resolved        tarball: 'http://registry.npmjs.org/yo/-/yo-1.3.3.tgz' },
78 silly install resolved     directories: {},
78 silly install resolved     _resolved: 'https://registry.npmjs.org/yo/-/yo-1.3.3.tgz',
78 silly install resolved     readme: 'ERROR: No README data found!' } ]
79 info install yo@1.3.3 into /Users/cbi/Documents/git-repos/ART
80 info installOne yo@1.3.3
81 verbose installOne of yo to /Users/cbi/Documents/git-repos/ART not in flight; installing
82 verbose lock using /Users/cbi/.npm/_locks/yo-30cdbecb46c5fda1.lock for /Users/cbi/Documents/git-repos/ART/node_modules/yo
83 verbose unlock done using /Users/cbi/.npm/_locks/yo-30cdbecb46c5fda1.lock for /Users/cbi/Documents/git-repos/ART/node_modules/yo
84 verbose stack Error: Unsupported
84 verbose stack     at checkEngine (/Users/cbi/Documents/git-repos/ART/project/target/node-modules/webjars/npm/node_modules/npm-install-checks/index.js:16:16)
84 verbose stack     at Array.<anonymous> (/Users/cbi/Documents/git-repos/ART/project/target/node-modules/webjars/npm/node_modules/slide/lib/bind-actor.js:15:8)
84 verbose stack     at LOOP (/Users/cbi/Documents/git-repos/ART/project/target/node-modules/webjars/npm/node_modules/slide/lib/chain.js:15:14)
84 verbose stack     at chain (/Users/cbi/Documents/git-repos/ART/project/target/node-modules/webjars/npm/node_modules/slide/lib/chain.js:20:5)
84 verbose stack     at /Users/cbi/Documents/git-repos/ART/project/target/node-modules/webjars/npm/lib/install.js:1037:5
84 verbose stack     at /Users/cbi/Documents/git-repos/ART/project/target/node-modules/webjars/npm/lib/utils/locker.js:40:9
84 verbose stack     at cb (/Users/cbi/Documents/git-repos/ART/project/target/node-modules/webjars/npm/node_modules/lockfile/lockfile.js:149:38)
84 verbose stack     at /Users/cbi/Documents/git-repos/ART/project/target/node-modules/webjars/npm/node_modules/lockfile/lockfile.js:171:16
84 verbose stack     at FSReqWrap.oncomplete (fs.js:82:15)
85 verbose pkgid yo@1.3.3
86 verbose cwd /Users/cbi/Documents/git-repos/ART
87 error Darwin 15.3.0
88 error argv "/usr/local/bin/node" "/Users/cbi/Documents/git-repos/ART/project/target/node-modules/webjars/npm/lib/npm.js" "update" "--prefix" "/Users/cbi/Documents/git-repos/ART"
89 error node v5.4.0
90 error npm  vundefined
91 error code ENOTSUP
92 error notsup Unsupported
92 error notsup Not compatible with your version of node/npm: yo@1.3.3
92 error notsup Required: {"node":">=0.10.0","npm":">=1.4.3"}
92 error notsup Actual:   {"node":"5.4.0"}
93 verbose exit [ 1, true ]
