New log file opened at Mon Aug 10 16:29:18 CEST 2015 by 27246@Christian-Bisigs-iMac.local
Taking next connection to: 60748
New client attempting to connect on port: 60749-60748
  Address = /192.168.100.33:60748
This client on port 60749 has uuid 16be1f79-01c9-4098-bfab-e91d3d6a7a9e configName play-fork-run humanReadableName Play Fork Run protocolVersion 1 featureTags Vector()
Connected Clients: play-fork-run-16be1f79-01c9-4098-bfab-e91d3d6a7a9e
Taking next connection to: 60748
Checking to see if clients are empty...
We have 1 non-daemon clients, continuing serving connections.
Taking next connection to: 60748
Checking to see if clients are empty...
We have 1 non-daemon clients, continuing serving connections.
Taking next connection to: 60748
Checking to see if clients are empty...
We have 1 non-daemon clients, continuing serving connections.
Taking next connection to: 60748
Checking to see if clients are empty...
No non-daemon clients connected after 3 min. Shutting down.
Server socket thread exiting.
0 clients open, will close them...
All client sockets have been closed.
Closing the 27246@Christian-Bisigs-iMac.local logs at Mon Aug 10 16:41:18 CEST 2015, goodbye.
