2015-05-26 09:11:14,466 - [INFO] - from play in pool-5-thread-2 
Listening for HTTP on /0:0:0:0:0:0:0:0:9085

2015-05-26 09:11:21,426 - [INFO] - from play in play-internal-execution-context-1 
datasource [jdbc:mysql://localhost/art] bound to JNDI as DefaultDS

2015-05-26 09:11:22,180 - [INFO] - from play in play-internal-execution-context-1 
database [default] connected at jdbc:mysql://localhost/art

2015-05-26 09:11:25,590 - [INFO] - from play in play-internal-execution-context-1 
Starting application default Akka system.

2015-05-26 09:11:25,601 - [INFO] - from play in play-internal-execution-context-1 
Application started (Dev)

2015-05-26 09:11:26,238 - [INFO] - from application in application-akka.actor.default-dispatcher-4 
Scheduled job for recalculating the Smell weights has finished successfully.

2015-05-26 09:16:25,655 - [INFO] - from application in application-akka.actor.default-dispatcher-3 
Scheduled job for recalculating the Smell weights has finished successfully.

2015-05-26 09:21:25,653 - [INFO] - from application in application-akka.actor.default-dispatcher-3 
Scheduled job for recalculating the Smell weights has finished successfully.

2015-05-26 09:26:25,655 - [INFO] - from application in application-akka.actor.default-dispatcher-3 
Scheduled job for recalculating the Smell weights has finished successfully.

2015-05-26 09:32:43,364 - [INFO] - from application in application-akka.actor.default-dispatcher-3 
Scheduled job for recalculating the Smell weights has finished successfully.

2015-05-26 09:36:28,232 - [INFO] - from play in pool-5-thread-2 
Shutdown application default Akka system.

2015-05-26 09:36:28,292 - [INFO] - from application in application-akka.actor.default-dispatcher-7 
Scheduled job for recalculating the Smell weights has finished successfully.

